2016-12-01 17:38:51,790 [http-bio-8080-exec-7] ERROR StackTrace  - Full Stack Trace:
org.springframework.security.authentication.InternalAuthenticationServiceException: Dynamic method get<Artefact>Class(artefactName) requires a single String parameter
	at org.springframework.security.authentication.dao.DaoAuthenticationProvider.retrieveUser(DaoAuthenticationProvider.java:110)
	at org.springframework.security.authentication.dao.AbstractUserDetailsAuthenticationProvider.authenticate(AbstractUserDetailsAuthenticationProvider.java:132)
	at org.springframework.security.authentication.ProviderManager.authenticate(ProviderManager.java:156)
	at org.springframework.security.web.authentication.UsernamePasswordAuthenticationFilter.attemptAuthentication(UsernamePasswordAuthenticationFilter.java:92)
	at grails.plugin.springsecurity.web.authentication.GrailsUsernamePasswordAuthenticationFilter.attemptAuthentication(GrailsUsernamePasswordAuthenticationFilter.java:59)
	at org.springframework.security.web.authentication.AbstractAuthenticationProcessingFilter.doFilter(AbstractAuthenticationProcessingFilter.java:211)
	at org.springframework.security.web.FilterChainProxy$VirtualFilterChain.doFilter(FilterChainProxy.java:342)
	at grails.plugin.springsecurity.web.authentication.logout.MutableLogoutFilter.doFilter(MutableLogoutFilter.java:62)
	at org.springframework.security.web.FilterChainProxy$VirtualFilterChain.doFilter(FilterChainProxy.java:342)
	at org.springframework.security.web.context.SecurityContextPersistenceFilter.doFilter(SecurityContextPersistenceFilter.java:87)
	at org.springframework.security.web.FilterChainProxy$VirtualFilterChain.doFilter(FilterChainProxy.java:342)
	at grails.plugin.springsecurity.web.SecurityRequestHolderFilter.doFilter(SecurityRequestHolderFilter.java:59)
	at org.springframework.security.web.FilterChainProxy$VirtualFilterChain.doFilter(FilterChainProxy.java:342)
	at org.springframework.security.web.FilterChainProxy.doFilterInternal(FilterChainProxy.java:192)
	at org.springframework.security.web.FilterChainProxy.doFilter(FilterChainProxy.java:160)
	at org.springframework.web.filter.DelegatingFilterProxy.invokeDelegate(DelegatingFilterProxy.java:344)
	at org.springframework.web.filter.DelegatingFilterProxy.doFilter(DelegatingFilterProxy.java:261)
	at org.apache.catalina.core.ApplicationFilterChain.internalDoFilter(ApplicationFilterChain.java:241)
	at org.apache.catalina.core.ApplicationFilterChain.doFilter(ApplicationFilterChain.java:208)
	at org.codehaus.groovy.grails.web.servlet.mvc.GrailsWebRequestFilter.doFilterInternal(GrailsWebRequestFilter.java:69)
	at org.springframework.web.filter.OncePerRequestFilter.doFilter(OncePerRequestFilter.java:107)
	at org.apache.catalina.core.ApplicationFilterChain.internalDoFilter(ApplicationFilterChain.java:241)
	at org.apache.catalina.core.ApplicationFilterChain.doFilter(ApplicationFilterChain.java:208)
	at org.codehaus.groovy.grails.web.filters.HiddenHttpMethodFilter.doFilterInternal(HiddenHttpMethodFilter.java:67)
	at org.springframework.web.filter.OncePerRequestFilter.doFilter(OncePerRequestFilter.java:107)
	at org.apache.catalina.core.ApplicationFilterChain.internalDoFilter(ApplicationFilterChain.java:241)
	at org.apache.catalina.core.ApplicationFilterChain.doFilter(ApplicationFilterChain.java:208)
	at org.springframework.web.filter.CharacterEncodingFilter.doFilterInternal(CharacterEncodingFilter.java:88)
	at org.springframework.web.filter.OncePerRequestFilter.doFilter(OncePerRequestFilter.java:107)
	at org.springframework.web.filter.DelegatingFilterProxy.invokeDelegate(DelegatingFilterProxy.java:344)
	at org.springframework.web.filter.DelegatingFilterProxy.doFilter(DelegatingFilterProxy.java:261)
	at org.apache.catalina.core.ApplicationFilterChain.internalDoFilter(ApplicationFilterChain.java:241)
	at org.apache.catalina.core.ApplicationFilterChain.doFilter(ApplicationFilterChain.java:208)
	at org.apache.catalina.core.StandardWrapperValve.invoke(StandardWrapperValve.java:220)
	at org.apache.catalina.core.StandardContextValve.invoke(StandardContextValve.java:122)
	at org.apache.catalina.core.StandardHostValve.invoke(StandardHostValve.java:171)
	at org.apache.catalina.valves.ErrorReportValve.invoke(ErrorReportValve.java:103)
	at org.apache.catalina.core.StandardEngineValve.invoke(StandardEngineValve.java:116)
	at org.apache.catalina.connector.CoyoteAdapter.service(CoyoteAdapter.java:408)
	at org.apache.coyote.http11.AbstractHttp11Processor.process(AbstractHttp11Processor.java:1070)
	at org.apache.coyote.AbstractProtocol$AbstractConnectionHandler.process(AbstractProtocol.java:611)
	at org.apache.tomcat.util.net.JIoEndpoint$SocketProcessor.run(JIoEndpoint.java:316)
	at java.util.concurrent.ThreadPoolExecutor.runWorker(ThreadPoolExecutor.java:1145)
	at java.util.concurrent.ThreadPoolExecutor$Worker.run(ThreadPoolExecutor.java:615)
	at org.apache.tomcat.util.threads.TaskThread$WrappingRunnable.run(TaskThread.java:61)
	at java.lang.Thread.run(Thread.java:745)
Caused by: java.lang.IllegalArgumentException: Dynamic method get<Artefact>Class(artefactName) requires a single String parameter
	at org.codehaus.groovy.grails.commons.DefaultGrailsApplication.invokeMethod(DefaultGrailsApplication.java:615)
	at org.codehaus.groovy.runtime.callsite.PogoMetaClassSite.call(PogoMetaClassSite.java:45)
	at org.codehaus.groovy.runtime.callsite.CallSiteArray.defaultCall(CallSiteArray.java:45)
	at org.codehaus.groovy.runtime.callsite.AbstractCallSite.call(AbstractCallSite.java:108)
	at org.codehaus.groovy.runtime.callsite.AbstractCallSite.call(AbstractCallSite.java:116)
	at grails.plugin.springsecurity.userdetails.GormUserDetailsService.$tt__loadUserByUsername(GormUserDetailsService.groovy:53)
	at grails.plugin.springsecurity.userdetails.GormUserDetailsService$_loadUserByUsername_closure1.doCall(GormUserDetailsService.groovy)
	at sun.reflect.NativeMethodAccessorImpl.invoke0(Native Method)
	at sun.reflect.NativeMethodAccessorImpl.invoke(NativeMethodAccessorImpl.java:57)
	at sun.reflect.DelegatingMethodAccessorImpl.invoke(DelegatingMethodAccessorImpl.java:43)
	at java.lang.reflect.Method.invoke(Method.java:606)
	at org.springsource.loaded.ri.ReflectiveInterceptor.jlrMethodInvoke(ReflectiveInterceptor.java:1270)
	at org.codehaus.groovy.reflection.CachedMethod.invoke(CachedMethod.java:90)
	at groovy.lang.MetaMethod.doMethodInvoke(MetaMethod.java:324)
	at groovy.lang.MetaClassImpl.invokeMethod(MetaClassImpl.java:1207)
	at groovy.lang.ExpandoMetaClass.invokeMethod(ExpandoMetaClass.java:1110)
	at groovy.lang.MetaClassImpl.invokeMethod(MetaClassImpl.java:1016)
	at groovy.lang.Closure.call(Closure.java:423)
	at groovy.lang.Closure.call(Closure.java:439)
	at org.codehaus.groovy.grails.orm.support.GrailsTransactionTemplate$2.doInTransaction(GrailsTransactionTemplate.groovy:88)
	at org.springframework.transaction.support.TransactionTemplate.execute(TransactionTemplate.java:133)
	at org.codehaus.groovy.grails.orm.support.GrailsTransactionTemplate.execute(GrailsTransactionTemplate.groovy:85)
	at grails.plugin.springsecurity.userdetails.GormUserDetailsService.loadUserByUsername(GormUserDetailsService.groovy)
	at grails.plugin.springsecurity.userdetails.GormUserDetailsService.loadUserByUsername(GormUserDetailsService.groovy:71)
	at org.springframework.security.authentication.dao.DaoAuthenticationProvider.retrieveUser(DaoAuthenticationProvider.java:102)
	... 45 more
2016-12-01 17:38:51,792 [http-bio-8080-exec-7] ERROR StackTrace  - Full Stack Trace:
java.lang.IllegalArgumentException: Dynamic method get<Artefact>Class(artefactName) requires a single String parameter
	at org.codehaus.groovy.grails.commons.DefaultGrailsApplication.invokeMethod(DefaultGrailsApplication.java:615)
	at org.codehaus.groovy.runtime.callsite.PogoMetaClassSite.call(PogoMetaClassSite.java:45)
	at org.codehaus.groovy.runtime.callsite.CallSiteArray.defaultCall(CallSiteArray.java:45)
	at org.codehaus.groovy.runtime.callsite.AbstractCallSite.call(AbstractCallSite.java:108)
	at org.codehaus.groovy.runtime.callsite.AbstractCallSite.call(AbstractCallSite.java:116)
	at grails.plugin.springsecurity.userdetails.GormUserDetailsService.$tt__loadUserByUsername(GormUserDetailsService.groovy:53)
	at grails.plugin.springsecurity.userdetails.GormUserDetailsService$_loadUserByUsername_closure1.doCall(GormUserDetailsService.groovy)
	at sun.reflect.NativeMethodAccessorImpl.invoke0(Native Method)
	at sun.reflect.NativeMethodAccessorImpl.invoke(NativeMethodAccessorImpl.java:57)
	at sun.reflect.DelegatingMethodAccessorImpl.invoke(DelegatingMethodAccessorImpl.java:43)
	at java.lang.reflect.Method.invoke(Method.java:606)
	at org.springsource.loaded.ri.ReflectiveInterceptor.jlrMethodInvoke(ReflectiveInterceptor.java:1270)
	at org.codehaus.groovy.reflection.CachedMethod.invoke(CachedMethod.java:90)
	at groovy.lang.MetaMethod.doMethodInvoke(MetaMethod.java:324)
	at groovy.lang.MetaClassImpl.invokeMethod(MetaClassImpl.java:1207)
	at groovy.lang.ExpandoMetaClass.invokeMethod(ExpandoMetaClass.java:1110)
	at groovy.lang.MetaClassImpl.invokeMethod(MetaClassImpl.java:1016)
	at groovy.lang.Closure.call(Closure.java:423)
	at groovy.lang.Closure.call(Closure.java:439)
	at org.codehaus.groovy.grails.orm.support.GrailsTransactionTemplate$2.doInTransaction(GrailsTransactionTemplate.groovy:88)
	at org.springframework.transaction.support.TransactionTemplate.execute(TransactionTemplate.java:133)
	at org.codehaus.groovy.grails.orm.support.GrailsTransactionTemplate.execute(GrailsTransactionTemplate.groovy:85)
	at grails.plugin.springsecurity.userdetails.GormUserDetailsService.loadUserByUsername(GormUserDetailsService.groovy)
	at grails.plugin.springsecurity.userdetails.GormUserDetailsService.loadUserByUsername(GormUserDetailsService.groovy:71)
	at org.springframework.security.authentication.dao.DaoAuthenticationProvider.retrieveUser(DaoAuthenticationProvider.java:102)
	at org.springframework.security.authentication.dao.AbstractUserDetailsAuthenticationProvider.authenticate(AbstractUserDetailsAuthenticationProvider.java:132)
	at org.springframework.security.authentication.ProviderManager.authenticate(ProviderManager.java:156)
	at org.springframework.security.web.authentication.UsernamePasswordAuthenticationFilter.attemptAuthentication(UsernamePasswordAuthenticationFilter.java:92)
	at grails.plugin.springsecurity.web.authentication.GrailsUsernamePasswordAuthenticationFilter.attemptAuthentication(GrailsUsernamePasswordAuthenticationFilter.java:59)
	at org.springframework.security.web.authentication.AbstractAuthenticationProcessingFilter.doFilter(AbstractAuthenticationProcessingFilter.java:211)
	at org.springframework.security.web.FilterChainProxy$VirtualFilterChain.doFilter(FilterChainProxy.java:342)
	at grails.plugin.springsecurity.web.authentication.logout.MutableLogoutFilter.doFilter(MutableLogoutFilter.java:62)
	at org.springframework.security.web.FilterChainProxy$VirtualFilterChain.doFilter(FilterChainProxy.java:342)
	at org.springframework.security.web.context.SecurityContextPersistenceFilter.doFilter(SecurityContextPersistenceFilter.java:87)
	at org.springframework.security.web.FilterChainProxy$VirtualFilterChain.doFilter(FilterChainProxy.java:342)
	at grails.plugin.springsecurity.web.SecurityRequestHolderFilter.doFilter(SecurityRequestHolderFilter.java:59)
	at org.springframework.security.web.FilterChainProxy$VirtualFilterChain.doFilter(FilterChainProxy.java:342)
	at org.springframework.security.web.FilterChainProxy.doFilterInternal(FilterChainProxy.java:192)
	at org.springframework.security.web.FilterChainProxy.doFilter(FilterChainProxy.java:160)
	at org.springframework.web.filter.DelegatingFilterProxy.invokeDelegate(DelegatingFilterProxy.java:344)
	at org.springframework.web.filter.DelegatingFilterProxy.doFilter(DelegatingFilterProxy.java:261)
	at org.apache.catalina.core.ApplicationFilterChain.internalDoFilter(ApplicationFilterChain.java:241)
	at org.apache.catalina.core.ApplicationFilterChain.doFilter(ApplicationFilterChain.java:208)
	at org.codehaus.groovy.grails.web.servlet.mvc.GrailsWebRequestFilter.doFilterInternal(GrailsWebRequestFilter.java:69)
	at org.springframework.web.filter.OncePerRequestFilter.doFilter(OncePerRequestFilter.java:107)
	at org.apache.catalina.core.ApplicationFilterChain.internalDoFilter(ApplicationFilterChain.java:241)
	at org.apache.catalina.core.ApplicationFilterChain.doFilter(ApplicationFilterChain.java:208)
	at org.codehaus.groovy.grails.web.filters.HiddenHttpMethodFilter.doFilterInternal(HiddenHttpMethodFilter.java:67)
	at org.springframework.web.filter.OncePerRequestFilter.doFilter(OncePerRequestFilter.java:107)
	at org.apache.catalina.core.ApplicationFilterChain.internalDoFilter(ApplicationFilterChain.java:241)
	at org.apache.catalina.core.ApplicationFilterChain.doFilter(ApplicationFilterChain.java:208)
	at org.springframework.web.filter.CharacterEncodingFilter.doFilterInternal(CharacterEncodingFilter.java:88)
	at org.springframework.web.filter.OncePerRequestFilter.doFilter(OncePerRequestFilter.java:107)
	at org.springframework.web.filter.DelegatingFilterProxy.invokeDelegate(DelegatingFilterProxy.java:344)
	at org.springframework.web.filter.DelegatingFilterProxy.doFilter(DelegatingFilterProxy.java:261)
	at org.apache.catalina.core.ApplicationFilterChain.internalDoFilter(ApplicationFilterChain.java:241)
	at org.apache.catalina.core.ApplicationFilterChain.doFilter(ApplicationFilterChain.java:208)
	at org.apache.catalina.core.StandardWrapperValve.invoke(StandardWrapperValve.java:220)
	at org.apache.catalina.core.StandardContextValve.invoke(StandardContextValve.java:122)
	at org.apache.catalina.core.StandardHostValve.invoke(StandardHostValve.java:171)
	at org.apache.catalina.valves.ErrorReportValve.invoke(ErrorReportValve.java:103)
	at org.apache.catalina.core.StandardEngineValve.invoke(StandardEngineValve.java:116)
	at org.apache.catalina.connector.CoyoteAdapter.service(CoyoteAdapter.java:408)
	at org.apache.coyote.http11.AbstractHttp11Processor.process(AbstractHttp11Processor.java:1070)
	at org.apache.coyote.AbstractProtocol$AbstractConnectionHandler.process(AbstractProtocol.java:611)
	at org.apache.tomcat.util.net.JIoEndpoint$SocketProcessor.run(JIoEndpoint.java:316)
	at java.util.concurrent.ThreadPoolExecutor.runWorker(ThreadPoolExecutor.java:1145)
	at java.util.concurrent.ThreadPoolExecutor$Worker.run(ThreadPoolExecutor.java:615)
	at org.apache.tomcat.util.threads.TaskThread$WrappingRunnable.run(TaskThread.java:61)
	at java.lang.Thread.run(Thread.java:745)
2016-12-01 17:38:51,793 [http-bio-8080-exec-7] ERROR StackTrace  - Full Stack Trace:
org.springframework.security.authentication.InternalAuthenticationServiceException: Dynamic method get<Artefact>Class(artefactName) requires a single String parameter
	at grails.plugin.springsecurity.web.authentication.GrailsUsernamePasswordAuthenticationFilter.attemptAuthentication(GrailsUsernamePasswordAuthenticationFilter.java:59)
	at grails.plugin.springsecurity.web.authentication.logout.MutableLogoutFilter.doFilter(MutableLogoutFilter.java:62)
	at grails.plugin.springsecurity.web.SecurityRequestHolderFilter.doFilter(SecurityRequestHolderFilter.java:59)
	at java.util.concurrent.ThreadPoolExecutor.runWorker(ThreadPoolExecutor.java:1145)
	at java.util.concurrent.ThreadPoolExecutor$Worker.run(ThreadPoolExecutor.java:615)
	at java.lang.Thread.run(Thread.java:745)
Caused by: java.lang.IllegalArgumentException: Dynamic method get<Artefact>Class(artefactName) requires a single String parameter
	at grails.plugin.springsecurity.userdetails.GormUserDetailsService.$tt__loadUserByUsername(GormUserDetailsService.groovy:53)
	at grails.plugin.springsecurity.userdetails.GormUserDetailsService.loadUserByUsername(GormUserDetailsService.groovy:71)
	... 6 more
2016-12-01 17:38:51,793 [http-bio-8080-exec-7] ERROR StackTrace  - Full Stack Trace:
org.springframework.security.authentication.InternalAuthenticationServiceException: Dynamic method get<Artefact>Class(artefactName) requires a single String parameter
	at grails.plugin.springsecurity.web.authentication.GrailsUsernamePasswordAuthenticationFilter.attemptAuthentication(GrailsUsernamePasswordAuthenticationFilter.java:59)
	at grails.plugin.springsecurity.web.authentication.logout.MutableLogoutFilter.doFilter(MutableLogoutFilter.java:62)
	at grails.plugin.springsecurity.web.SecurityRequestHolderFilter.doFilter(SecurityRequestHolderFilter.java:59)
	at java.util.concurrent.ThreadPoolExecutor.runWorker(ThreadPoolExecutor.java:1145)
	at java.util.concurrent.ThreadPoolExecutor$Worker.run(ThreadPoolExecutor.java:615)
	at java.lang.Thread.run(Thread.java:745)
Caused by: java.lang.IllegalArgumentException: Dynamic method get<Artefact>Class(artefactName) requires a single String parameter
	at grails.plugin.springsecurity.userdetails.GormUserDetailsService.$tt__loadUserByUsername(GormUserDetailsService.groovy:53)
	at grails.plugin.springsecurity.userdetails.GormUserDetailsService.loadUserByUsername(GormUserDetailsService.groovy:71)
	... 6 more
2016-12-01 17:38:51,793 [http-bio-8080-exec-7] ERROR StackTrace  - Full Stack Trace:
java.lang.IllegalArgumentException: Dynamic method get<Artefact>Class(artefactName) requires a single String parameter
	at grails.plugin.springsecurity.userdetails.GormUserDetailsService.$tt__loadUserByUsername(GormUserDetailsService.groovy:53)
	at grails.plugin.springsecurity.userdetails.GormUserDetailsService.loadUserByUsername(GormUserDetailsService.groovy:71)
	at grails.plugin.springsecurity.web.authentication.GrailsUsernamePasswordAuthenticationFilter.attemptAuthentication(GrailsUsernamePasswordAuthenticationFilter.java:59)
	at grails.plugin.springsecurity.web.authentication.logout.MutableLogoutFilter.doFilter(MutableLogoutFilter.java:62)
	at grails.plugin.springsecurity.web.SecurityRequestHolderFilter.doFilter(SecurityRequestHolderFilter.java:59)
	at java.util.concurrent.ThreadPoolExecutor.runWorker(ThreadPoolExecutor.java:1145)
	at java.util.concurrent.ThreadPoolExecutor$Worker.run(ThreadPoolExecutor.java:615)
	at java.lang.Thread.run(Thread.java:745)
2016-12-01 17:38:51,793 [http-bio-8080-exec-7] ERROR StackTrace  - Full Stack Trace:
org.springframework.security.authentication.InternalAuthenticationServiceException: Dynamic method get<Artefact>Class(artefactName) requires a single String parameter
	at grails.plugin.springsecurity.web.authentication.GrailsUsernamePasswordAuthenticationFilter.attemptAuthentication(GrailsUsernamePasswordAuthenticationFilter.java:59)
	at grails.plugin.springsecurity.web.authentication.logout.MutableLogoutFilter.doFilter(MutableLogoutFilter.java:62)
	at grails.plugin.springsecurity.web.SecurityRequestHolderFilter.doFilter(SecurityRequestHolderFilter.java:59)
	at java.util.concurrent.ThreadPoolExecutor.runWorker(ThreadPoolExecutor.java:1145)
	at java.util.concurrent.ThreadPoolExecutor$Worker.run(ThreadPoolExecutor.java:615)
	at java.lang.Thread.run(Thread.java:745)
Caused by: java.lang.IllegalArgumentException: Dynamic method get<Artefact>Class(artefactName) requires a single String parameter
	at grails.plugin.springsecurity.userdetails.GormUserDetailsService.$tt__loadUserByUsername(GormUserDetailsService.groovy:53)
	at grails.plugin.springsecurity.userdetails.GormUserDetailsService.loadUserByUsername(GormUserDetailsService.groovy:71)
	... 6 more
2016-12-02 16:02:41,902 [localhost-startStop-1] ERROR StackTrace  - Full Stack Trace:
groovy.lang.MissingMethodException: No signature of method: grails.util.Environment.carregaDadosDeDesenvolvimento() is applicable for argument types: () values: []
	at grails.util.Environment$EnvironmentBlockEvaluator.methodMissing(Environment.java:382)
	at sun.reflect.NativeMethodAccessorImpl.invoke0(Native Method)
	at sun.reflect.NativeMethodAccessorImpl.invoke(NativeMethodAccessorImpl.java:57)
	at sun.reflect.DelegatingMethodAccessorImpl.invoke(DelegatingMethodAccessorImpl.java:43)
	at java.lang.reflect.Method.invoke(Method.java:606)
	at org.springsource.loaded.ri.ReflectiveInterceptor.jlrMethodInvoke(ReflectiveInterceptor.java:1270)
	at org.codehaus.groovy.reflection.CachedMethod.invoke(CachedMethod.java:90)
	at groovy.lang.MetaClassImpl.invokeMissingMethod(MetaClassImpl.java:933)
	at groovy.lang.MetaClassImpl.invokePropertyOrMissing(MetaClassImpl.java:1256)
	at groovy.lang.MetaClassImpl.invokeMethod(MetaClassImpl.java:1209)
	at groovy.lang.ExpandoMetaClass.invokeMethod(ExpandoMetaClass.java:1110)
	at groovy.lang.MetaClassImpl.invokeMethod(MetaClassImpl.java:1016)
	at groovy.lang.MetaClassImpl.invokeMethod(MetaClassImpl.java:807)
	at groovy.lang.GroovyObjectSupport.invokeMethod(GroovyObjectSupport.java:44)
	at groovy.lang.MetaClassImpl.invokeMethodOnGroovyObject(MetaClassImpl.java:1272)
	at groovy.lang.MetaClassImpl.invokeMethod(MetaClassImpl.java:1189)
	at groovy.lang.ExpandoMetaClass.invokeMethod(ExpandoMetaClass.java:1110)
	at groovy.lang.MetaClassImpl.invokeMethod(MetaClassImpl.java:1016)
	at groovy.lang.MetaClassImpl.invokeMethod(MetaClassImpl.java:807)
	at groovy.lang.GroovyObjectSupport.invokeMethod(GroovyObjectSupport.java:44)
	at BootStrap$_closure1_closure3.invokeMethod(BootStrap.groovy)
	at groovy.lang.MetaClassImpl.invokeMethodOnGroovyObject(MetaClassImpl.java:1272)
	at groovy.lang.MetaClassImpl.invokeMethod(MetaClassImpl.java:1189)
	at groovy.lang.ExpandoMetaClass.invokeMethod(ExpandoMetaClass.java:1110)
	at groovy.lang.MetaClassImpl.invokeMethod(MetaClassImpl.java:1016)
	at org.codehaus.groovy.runtime.callsite.PogoMetaClassSite.callCurrent(PogoMetaClassSite.java:66)
	at org.codehaus.groovy.runtime.callsite.CallSiteArray.defaultCallCurrent(CallSiteArray.java:49)
	at org.codehaus.groovy.runtime.callsite.AbstractCallSite.callCurrent(AbstractCallSite.java:133)
	at org.codehaus.groovy.runtime.callsite.AbstractCallSite.callCurrent(AbstractCallSite.java:137)
	at BootStrap$_closure1_closure3_closure5.doCall(BootStrap.groovy:22)
	at BootStrap$_closure1_closure3_closure5.doCall(BootStrap.groovy)
	at sun.reflect.NativeMethodAccessorImpl.invoke0(Native Method)
	at sun.reflect.NativeMethodAccessorImpl.invoke(NativeMethodAccessorImpl.java:57)
	at sun.reflect.DelegatingMethodAccessorImpl.invoke(DelegatingMethodAccessorImpl.java:43)
	at java.lang.reflect.Method.invoke(Method.java:606)
	at org.springsource.loaded.ri.ReflectiveInterceptor.jlrMethodInvoke(ReflectiveInterceptor.java:1270)
	at org.codehaus.groovy.reflection.CachedMethod.invoke(CachedMethod.java:90)
	at groovy.lang.MetaMethod.doMethodInvoke(MetaMethod.java:324)
	at groovy.lang.MetaClassImpl.invokeMethod(MetaClassImpl.java:1207)
	at groovy.lang.ExpandoMetaClass.invokeMethod(ExpandoMetaClass.java:1110)
	at groovy.lang.MetaClassImpl.invokeMethod(MetaClassImpl.java:1016)
	at groovy.lang.Closure.call(Closure.java:423)
	at BootStrap$_closure1_closure3_closure5.call(BootStrap.groovy)
	at groovy.lang.Closure.call(Closure.java:417)
	at BootStrap$_closure1_closure3_closure5.call(BootStrap.groovy)
	at grails.util.Environment$EnvironmentBlockEvaluator.execute(Environment.java:340)
	at grails.util.Environment.executeForEnvironment(Environment.java:321)
	at grails.util.Environment.executeForCurrentEnvironment(Environment.java:296)
	at org.codehaus.groovy.grails.commons.DefaultGrailsBootstrapClass.callInit(DefaultGrailsBootstrapClass.java:60)
	at org.codehaus.groovy.grails.web.context.GrailsConfigUtils.executeGrailsBootstraps(GrailsConfigUtils.java:78)
	at org.codehaus.groovy.grails.web.context.GrailsContextLoaderListener.initWebApplicationContext(GrailsContextLoaderListener.java:110)
	at org.springframework.web.context.ContextLoaderListener.contextInitialized(ContextLoaderListener.java:106)
	at org.apache.catalina.core.StandardContext.listenerStart(StandardContext.java:4992)
	at org.apache.catalina.core.StandardContext.startInternal(StandardContext.java:5490)
	at org.apache.catalina.util.LifecycleBase.start(LifecycleBase.java:150)
	at org.apache.catalina.core.ContainerBase$StartChild.call(ContainerBase.java:1575)
	at org.apache.catalina.core.ContainerBase$StartChild.call(ContainerBase.java:1565)
	at java.util.concurrent.FutureTask.run(FutureTask.java:262)
	at java.util.concurrent.ThreadPoolExecutor.runWorker(ThreadPoolExecutor.java:1145)
	at java.util.concurrent.ThreadPoolExecutor$Worker.run(ThreadPoolExecutor.java:615)
	at java.lang.Thread.run(Thread.java:745)
2016-12-02 16:02:41,919 [localhost-startStop-1] ERROR StackTrace  - Full Stack Trace:
groovy.lang.MissingMethodException: No signature of method: grails.util.Environment.carregaDadosDeDesenvolvimento() is applicable for argument types: () values: []
	at grails.util.Environment$EnvironmentBlockEvaluator.methodMissing(Environment.java:382)
	at BootStrap$_closure1_closure3_closure5.doCall(BootStrap.groovy:22)
	at grails.util.Environment$EnvironmentBlockEvaluator.execute(Environment.java:340)
	at grails.util.Environment.executeForEnvironment(Environment.java:321)
	at grails.util.Environment.executeForCurrentEnvironment(Environment.java:296)
	at java.util.concurrent.FutureTask.run(FutureTask.java:262)
	at java.util.concurrent.ThreadPoolExecutor.runWorker(ThreadPoolExecutor.java:1145)
	at java.util.concurrent.ThreadPoolExecutor$Worker.run(ThreadPoolExecutor.java:615)
	at java.lang.Thread.run(Thread.java:745)
2016-12-02 16:02:41,943 [localhost-startStop-1] ERROR StackTrace  - Full Stack Trace:
groovy.lang.MissingMethodException: No signature of method: grails.util.Environment.carregaDadosDeDesenvolvimento() is applicable for argument types: () values: []
	at grails.util.Environment$EnvironmentBlockEvaluator.methodMissing(Environment.java:382)
	at BootStrap$_closure1_closure3_closure5.doCall(BootStrap.groovy:22)
	at grails.util.Environment$EnvironmentBlockEvaluator.execute(Environment.java:340)
	at grails.util.Environment.executeForEnvironment(Environment.java:321)
	at grails.util.Environment.executeForCurrentEnvironment(Environment.java:296)
	at java.util.concurrent.FutureTask.run(FutureTask.java:262)
	at java.util.concurrent.ThreadPoolExecutor.runWorker(ThreadPoolExecutor.java:1145)
	at java.util.concurrent.ThreadPoolExecutor$Worker.run(ThreadPoolExecutor.java:615)
	at java.lang.Thread.run(Thread.java:745)
2016-12-02 16:02:41,955 [localhost-startStop-1] ERROR StackTrace  - Full Stack Trace:
groovy.lang.MissingMethodException: No signature of method: grails.util.Environment.carregaDadosDeDesenvolvimento() is applicable for argument types: () values: []
	at grails.util.Environment$EnvironmentBlockEvaluator.methodMissing(Environment.java:382)
	at BootStrap$_closure1_closure3_closure5.doCall(BootStrap.groovy:22)
	at grails.util.Environment$EnvironmentBlockEvaluator.execute(Environment.java:340)
	at grails.util.Environment.executeForEnvironment(Environment.java:321)
	at grails.util.Environment.executeForCurrentEnvironment(Environment.java:296)
	at java.util.concurrent.FutureTask.run(FutureTask.java:262)
	at java.util.concurrent.ThreadPoolExecutor.runWorker(ThreadPoolExecutor.java:1145)
	at java.util.concurrent.ThreadPoolExecutor$Worker.run(ThreadPoolExecutor.java:615)
	at java.lang.Thread.run(Thread.java:745)
2016-12-02 16:02:41,957 [localhost-startStop-1] ERROR StackTrace  - Full Stack Trace:
groovy.lang.MissingMethodException: No signature of method: grails.util.Environment.carregaDadosDeDesenvolvimento() is applicable for argument types: () values: []
	at grails.util.Environment$EnvironmentBlockEvaluator.methodMissing(Environment.java:382)
	at BootStrap$_closure1_closure3_closure5.doCall(BootStrap.groovy:22)
	at grails.util.Environment$EnvironmentBlockEvaluator.execute(Environment.java:340)
	at grails.util.Environment.executeForEnvironment(Environment.java:321)
	at grails.util.Environment.executeForCurrentEnvironment(Environment.java:296)
	at java.util.concurrent.FutureTask.run(FutureTask.java:262)
	at java.util.concurrent.ThreadPoolExecutor.runWorker(ThreadPoolExecutor.java:1145)
	at java.util.concurrent.ThreadPoolExecutor$Worker.run(ThreadPoolExecutor.java:615)
	at java.lang.Thread.run(Thread.java:745)
2016-12-02 16:02:41,958 [localhost-startStop-1] ERROR StackTrace  - Full Stack Trace:
groovy.lang.MissingMethodException: No signature of method: grails.util.Environment.carregaDadosDeDesenvolvimento() is applicable for argument types: () values: []
	at grails.util.Environment$EnvironmentBlockEvaluator.methodMissing(Environment.java:382)
	at BootStrap$_closure1_closure3_closure5.doCall(BootStrap.groovy:22)
	at grails.util.Environment$EnvironmentBlockEvaluator.execute(Environment.java:340)
	at grails.util.Environment.executeForEnvironment(Environment.java:321)
	at grails.util.Environment.executeForCurrentEnvironment(Environment.java:296)
	at java.util.concurrent.FutureTask.run(FutureTask.java:262)
	at java.util.concurrent.ThreadPoolExecutor.runWorker(ThreadPoolExecutor.java:1145)
	at java.util.concurrent.ThreadPoolExecutor$Worker.run(ThreadPoolExecutor.java:615)
	at java.lang.Thread.run(Thread.java:745)
2016-12-02 16:08:23,516 [localhost-startStop-1] ERROR StackTrace  - Full Stack Trace:
groovy.lang.MissingPropertyException: No such property: henriqueUser for class: BootStrap
	at org.codehaus.groovy.runtime.ScriptBytecodeAdapter.unwrap(ScriptBytecodeAdapter.java:51)
	at org.codehaus.groovy.runtime.ScriptBytecodeAdapter.setGroovyObjectProperty(ScriptBytecodeAdapter.java:532)
	at BootStrap.criarUsuarios(BootStrap.groovy:68)
	at BootStrap.this$2$criarUsuarios(BootStrap.groovy)
	at BootStrap$this$2$criarUsuarios.callCurrent(Unknown Source)
	at org.codehaus.groovy.runtime.callsite.CallSiteArray.defaultCallCurrent(CallSiteArray.java:49)
	at org.codehaus.groovy.runtime.callsite.AbstractCallSite.callCurrent(AbstractCallSite.java:133)
	at org.codehaus.groovy.runtime.callsite.AbstractCallSite.callCurrent(AbstractCallSite.java:137)
	at BootStrap.carregaDadosDeDesenvolvimento(BootStrap.groovy:92)
	at BootStrap.this$2$carregaDadosDeDesenvolvimento(BootStrap.groovy)
	at sun.reflect.NativeMethodAccessorImpl.invoke0(Native Method)
	at sun.reflect.NativeMethodAccessorImpl.invoke(NativeMethodAccessorImpl.java:57)
	at sun.reflect.DelegatingMethodAccessorImpl.invoke(DelegatingMethodAccessorImpl.java:43)
	at java.lang.reflect.Method.invoke(Method.java:606)
	at org.springsource.loaded.ri.ReflectiveInterceptor.jlrMethodInvoke(ReflectiveInterceptor.java:1270)
	at org.codehaus.groovy.reflection.CachedMethod.invoke(CachedMethod.java:90)
	at groovy.lang.MetaMethod.doMethodInvoke(MetaMethod.java:324)
	at groovy.lang.MetaClassImpl.invokeMethod(MetaClassImpl.java:1207)
	at groovy.lang.ExpandoMetaClass.invokeMethod(ExpandoMetaClass.java:1110)
	at groovy.lang.MetaClassImpl.invokeMethod(MetaClassImpl.java:1016)
	at groovy.lang.MetaClassImpl.invokeMethod(MetaClassImpl.java:1152)
	at groovy.lang.ExpandoMetaClass.invokeMethod(ExpandoMetaClass.java:1110)
	at groovy.lang.MetaClassImpl.invokeMethod(MetaClassImpl.java:1016)
	at groovy.lang.MetaClassImpl.invokeMethod(MetaClassImpl.java:807)
	at groovy.lang.GroovyObjectSupport.invokeMethod(GroovyObjectSupport.java:44)
	at BootStrap$_closure1.invokeMethod(BootStrap.groovy)
	at groovy.lang.MetaClassImpl.invokeMethodOnGroovyObject(MetaClassImpl.java:1272)
	at groovy.lang.MetaClassImpl.invokeMethod(MetaClassImpl.java:1166)
	at groovy.lang.ExpandoMetaClass.invokeMethod(ExpandoMetaClass.java:1110)
	at groovy.lang.MetaClassImpl.invokeMethod(MetaClassImpl.java:1016)
	at groovy.lang.MetaClassImpl.invokeMethod(MetaClassImpl.java:807)
	at groovy.lang.GroovyObjectSupport.invokeMethod(GroovyObjectSupport.java:44)
	at BootStrap$_closure1_closure3.invokeMethod(BootStrap.groovy)
	at groovy.lang.MetaClassImpl.invokeMethodOnGroovyObject(MetaClassImpl.java:1272)
	at groovy.lang.MetaClassImpl.invokeMethod(MetaClassImpl.java:1166)
	at groovy.lang.ExpandoMetaClass.invokeMethod(ExpandoMetaClass.java:1110)
	at groovy.lang.MetaClassImpl.invokeMethod(MetaClassImpl.java:1016)
	at org.codehaus.groovy.runtime.callsite.PogoMetaClassSite.callCurrent(PogoMetaClassSite.java:66)
	at org.codehaus.groovy.runtime.callsite.CallSiteArray.defaultCallCurrent(CallSiteArray.java:49)
	at org.codehaus.groovy.runtime.callsite.AbstractCallSite.callCurrent(AbstractCallSite.java:133)
	at org.codehaus.groovy.runtime.callsite.AbstractCallSite.callCurrent(AbstractCallSite.java:137)
	at BootStrap$_closure1_closure3_closure5.doCall(BootStrap.groovy:22)
	at BootStrap$_closure1_closure3_closure5.doCall(BootStrap.groovy)
	at sun.reflect.NativeMethodAccessorImpl.invoke0(Native Method)
	at sun.reflect.NativeMethodAccessorImpl.invoke(NativeMethodAccessorImpl.java:57)
	at sun.reflect.DelegatingMethodAccessorImpl.invoke(DelegatingMethodAccessorImpl.java:43)
	at java.lang.reflect.Method.invoke(Method.java:606)
	at org.springsource.loaded.ri.ReflectiveInterceptor.jlrMethodInvoke(ReflectiveInterceptor.java:1270)
	at org.codehaus.groovy.reflection.CachedMethod.invoke(CachedMethod.java:90)
	at groovy.lang.MetaMethod.doMethodInvoke(MetaMethod.java:324)
	at groovy.lang.MetaClassImpl.invokeMethod(MetaClassImpl.java:1207)
	at groovy.lang.ExpandoMetaClass.invokeMethod(ExpandoMetaClass.java:1110)
	at groovy.lang.MetaClassImpl.invokeMethod(MetaClassImpl.java:1016)
	at groovy.lang.Closure.call(Closure.java:423)
	at BootStrap$_closure1_closure3_closure5.call(BootStrap.groovy)
	at groovy.lang.Closure.call(Closure.java:417)
	at BootStrap$_closure1_closure3_closure5.call(BootStrap.groovy)
	at grails.util.Environment$EnvironmentBlockEvaluator.execute(Environment.java:340)
	at grails.util.Environment.executeForEnvironment(Environment.java:321)
	at grails.util.Environment.executeForCurrentEnvironment(Environment.java:296)
	at org.codehaus.groovy.grails.commons.DefaultGrailsBootstrapClass.callInit(DefaultGrailsBootstrapClass.java:60)
	at org.codehaus.groovy.grails.web.context.GrailsConfigUtils.executeGrailsBootstraps(GrailsConfigUtils.java:78)
	at org.codehaus.groovy.grails.web.context.GrailsContextLoaderListener.initWebApplicationContext(GrailsContextLoaderListener.java:110)
	at org.springframework.web.context.ContextLoaderListener.contextInitialized(ContextLoaderListener.java:106)
	at org.apache.catalina.core.StandardContext.listenerStart(StandardContext.java:4992)
	at org.apache.catalina.core.StandardContext.startInternal(StandardContext.java:5490)
	at org.apache.catalina.util.LifecycleBase.start(LifecycleBase.java:150)
	at org.apache.catalina.core.ContainerBase$StartChild.call(ContainerBase.java:1575)
	at org.apache.catalina.core.ContainerBase$StartChild.call(ContainerBase.java:1565)
	at java.util.concurrent.FutureTask.run(FutureTask.java:262)
	at java.util.concurrent.ThreadPoolExecutor.runWorker(ThreadPoolExecutor.java:1145)
	at java.util.concurrent.ThreadPoolExecutor$Worker.run(ThreadPoolExecutor.java:615)
	at java.lang.Thread.run(Thread.java:745)
2016-12-02 16:08:23,520 [localhost-startStop-1] ERROR StackTrace  - Full Stack Trace:
groovy.lang.MissingPropertyException: No such property: henriqueUser for class: BootStrap
	at BootStrap.criarUsuarios(BootStrap.groovy:68)
	at BootStrap.carregaDadosDeDesenvolvimento(BootStrap.groovy:92)
	at BootStrap$_closure1_closure3_closure5.doCall(BootStrap.groovy:22)
	at grails.util.Environment$EnvironmentBlockEvaluator.execute(Environment.java:340)
	at grails.util.Environment.executeForEnvironment(Environment.java:321)
	at grails.util.Environment.executeForCurrentEnvironment(Environment.java:296)
	at java.util.concurrent.FutureTask.run(FutureTask.java:262)
	at java.util.concurrent.ThreadPoolExecutor.runWorker(ThreadPoolExecutor.java:1145)
	at java.util.concurrent.ThreadPoolExecutor$Worker.run(ThreadPoolExecutor.java:615)
	at java.lang.Thread.run(Thread.java:745)
2016-12-02 16:08:23,521 [localhost-startStop-1] ERROR StackTrace  - Full Stack Trace:
groovy.lang.MissingPropertyException: No such property: henriqueUser for class: BootStrap
	at BootStrap.criarUsuarios(BootStrap.groovy:68)
	at BootStrap.carregaDadosDeDesenvolvimento(BootStrap.groovy:92)
	at BootStrap$_closure1_closure3_closure5.doCall(BootStrap.groovy:22)
	at grails.util.Environment$EnvironmentBlockEvaluator.execute(Environment.java:340)
	at grails.util.Environment.executeForEnvironment(Environment.java:321)
	at grails.util.Environment.executeForCurrentEnvironment(Environment.java:296)
	at java.util.concurrent.FutureTask.run(FutureTask.java:262)
	at java.util.concurrent.ThreadPoolExecutor.runWorker(ThreadPoolExecutor.java:1145)
	at java.util.concurrent.ThreadPoolExecutor$Worker.run(ThreadPoolExecutor.java:615)
	at java.lang.Thread.run(Thread.java:745)
2016-12-02 16:08:23,522 [localhost-startStop-1] ERROR StackTrace  - Full Stack Trace:
groovy.lang.MissingPropertyException: No such property: henriqueUser for class: BootStrap
	at BootStrap.criarUsuarios(BootStrap.groovy:68)
	at BootStrap.carregaDadosDeDesenvolvimento(BootStrap.groovy:92)
	at BootStrap$_closure1_closure3_closure5.doCall(BootStrap.groovy:22)
	at grails.util.Environment$EnvironmentBlockEvaluator.execute(Environment.java:340)
	at grails.util.Environment.executeForEnvironment(Environment.java:321)
	at grails.util.Environment.executeForCurrentEnvironment(Environment.java:296)
	at java.util.concurrent.FutureTask.run(FutureTask.java:262)
	at java.util.concurrent.ThreadPoolExecutor.runWorker(ThreadPoolExecutor.java:1145)
	at java.util.concurrent.ThreadPoolExecutor$Worker.run(ThreadPoolExecutor.java:615)
	at java.lang.Thread.run(Thread.java:745)
2016-12-02 16:08:23,522 [localhost-startStop-1] ERROR StackTrace  - Full Stack Trace:
groovy.lang.MissingPropertyException: No such property: henriqueUser for class: BootStrap
	at BootStrap.criarUsuarios(BootStrap.groovy:68)
	at BootStrap.carregaDadosDeDesenvolvimento(BootStrap.groovy:92)
	at BootStrap$_closure1_closure3_closure5.doCall(BootStrap.groovy:22)
	at grails.util.Environment$EnvironmentBlockEvaluator.execute(Environment.java:340)
	at grails.util.Environment.executeForEnvironment(Environment.java:321)
	at grails.util.Environment.executeForCurrentEnvironment(Environment.java:296)
	at java.util.concurrent.FutureTask.run(FutureTask.java:262)
	at java.util.concurrent.ThreadPoolExecutor.runWorker(ThreadPoolExecutor.java:1145)
	at java.util.concurrent.ThreadPoolExecutor$Worker.run(ThreadPoolExecutor.java:615)
	at java.lang.Thread.run(Thread.java:745)
2016-12-02 16:08:23,523 [localhost-startStop-1] ERROR StackTrace  - Full Stack Trace:
groovy.lang.MissingPropertyException: No such property: henriqueUser for class: BootStrap
	at BootStrap.criarUsuarios(BootStrap.groovy:68)
	at BootStrap.carregaDadosDeDesenvolvimento(BootStrap.groovy:92)
	at BootStrap$_closure1_closure3_closure5.doCall(BootStrap.groovy:22)
	at grails.util.Environment$EnvironmentBlockEvaluator.execute(Environment.java:340)
	at grails.util.Environment.executeForEnvironment(Environment.java:321)
	at grails.util.Environment.executeForCurrentEnvironment(Environment.java:296)
	at java.util.concurrent.FutureTask.run(FutureTask.java:262)
	at java.util.concurrent.ThreadPoolExecutor.runWorker(ThreadPoolExecutor.java:1145)
	at java.util.concurrent.ThreadPoolExecutor$Worker.run(ThreadPoolExecutor.java:615)
	at java.lang.Thread.run(Thread.java:745)
2016-12-02 16:12:45,205 [localhost-startStop-1] ERROR StackTrace  - Full Stack Trace:
groovy.lang.MissingMethodException: No signature of method: grails.util.Environment.carregaDadosDeCredito() is applicable for argument types: () values: []
	at grails.util.Environment$EnvironmentBlockEvaluator.methodMissing(Environment.java:382)
	at sun.reflect.NativeMethodAccessorImpl.invoke0(Native Method)
	at sun.reflect.NativeMethodAccessorImpl.invoke(NativeMethodAccessorImpl.java:57)
	at sun.reflect.DelegatingMethodAccessorImpl.invoke(DelegatingMethodAccessorImpl.java:43)
	at java.lang.reflect.Method.invoke(Method.java:606)
	at org.springsource.loaded.ri.ReflectiveInterceptor.jlrMethodInvoke(ReflectiveInterceptor.java:1270)
	at org.codehaus.groovy.reflection.CachedMethod.invoke(CachedMethod.java:90)
	at groovy.lang.MetaClassImpl.invokeMissingMethod(MetaClassImpl.java:933)
	at groovy.lang.MetaClassImpl.invokePropertyOrMissing(MetaClassImpl.java:1256)
	at groovy.lang.MetaClassImpl.invokeMethod(MetaClassImpl.java:1209)
	at groovy.lang.ExpandoMetaClass.invokeMethod(ExpandoMetaClass.java:1110)
	at groovy.lang.MetaClassImpl.invokeMethod(MetaClassImpl.java:1016)
	at groovy.lang.MetaClassImpl.invokeMethod(MetaClassImpl.java:807)
	at groovy.lang.GroovyObjectSupport.invokeMethod(GroovyObjectSupport.java:44)
	at groovy.lang.MetaClassImpl.invokeMethodOnGroovyObject(MetaClassImpl.java:1272)
	at groovy.lang.MetaClassImpl.invokeMethod(MetaClassImpl.java:1189)
	at groovy.lang.ExpandoMetaClass.invokeMethod(ExpandoMetaClass.java:1110)
	at groovy.lang.MetaClassImpl.invokeMethod(MetaClassImpl.java:1016)
	at groovy.lang.MetaClassImpl.invokeMethod(MetaClassImpl.java:807)
	at groovy.lang.GroovyObjectSupport.invokeMethod(GroovyObjectSupport.java:44)
	at BootStrap$_closure1_closure3.invokeMethod(BootStrap.groovy)
	at groovy.lang.MetaClassImpl.invokeMethodOnGroovyObject(MetaClassImpl.java:1272)
	at groovy.lang.MetaClassImpl.invokeMethod(MetaClassImpl.java:1189)
	at groovy.lang.ExpandoMetaClass.invokeMethod(ExpandoMetaClass.java:1110)
	at groovy.lang.MetaClassImpl.invokeMethod(MetaClassImpl.java:1016)
	at org.codehaus.groovy.runtime.callsite.PogoMetaClassSite.callCurrent(PogoMetaClassSite.java:66)
	at org.codehaus.groovy.runtime.callsite.CallSiteArray.defaultCallCurrent(CallSiteArray.java:49)
	at org.codehaus.groovy.runtime.callsite.AbstractCallSite.callCurrent(AbstractCallSite.java:133)
	at org.codehaus.groovy.runtime.callsite.AbstractCallSite.callCurrent(AbstractCallSite.java:137)
	at BootStrap$_closure1_closure3_closure5.doCall(BootStrap.groovy:23)
	at BootStrap$_closure1_closure3_closure5.doCall(BootStrap.groovy)
	at sun.reflect.NativeMethodAccessorImpl.invoke0(Native Method)
	at sun.reflect.NativeMethodAccessorImpl.invoke(NativeMethodAccessorImpl.java:57)
	at sun.reflect.DelegatingMethodAccessorImpl.invoke(DelegatingMethodAccessorImpl.java:43)
	at java.lang.reflect.Method.invoke(Method.java:606)
	at org.springsource.loaded.ri.ReflectiveInterceptor.jlrMethodInvoke(ReflectiveInterceptor.java:1270)
	at org.codehaus.groovy.reflection.CachedMethod.invoke(CachedMethod.java:90)
	at groovy.lang.MetaMethod.doMethodInvoke(MetaMethod.java:324)
	at groovy.lang.MetaClassImpl.invokeMethod(MetaClassImpl.java:1207)
	at groovy.lang.ExpandoMetaClass.invokeMethod(ExpandoMetaClass.java:1110)
	at groovy.lang.MetaClassImpl.invokeMethod(MetaClassImpl.java:1016)
	at groovy.lang.Closure.call(Closure.java:423)
	at BootStrap$_closure1_closure3_closure5.call(BootStrap.groovy)
	at groovy.lang.Closure.call(Closure.java:417)
	at BootStrap$_closure1_closure3_closure5.call(BootStrap.groovy)
	at grails.util.Environment$EnvironmentBlockEvaluator.execute(Environment.java:340)
	at grails.util.Environment.executeForEnvironment(Environment.java:321)
	at grails.util.Environment.executeForCurrentEnvironment(Environment.java:296)
	at org.codehaus.groovy.grails.commons.DefaultGrailsBootstrapClass.callInit(DefaultGrailsBootstrapClass.java:60)
	at org.codehaus.groovy.grails.web.context.GrailsConfigUtils.executeGrailsBootstraps(GrailsConfigUtils.java:78)
	at org.codehaus.groovy.grails.web.context.GrailsContextLoaderListener.initWebApplicationContext(GrailsContextLoaderListener.java:110)
	at org.springframework.web.context.ContextLoaderListener.contextInitialized(ContextLoaderListener.java:106)
	at org.apache.catalina.core.StandardContext.listenerStart(StandardContext.java:4992)
	at org.apache.catalina.core.StandardContext.startInternal(StandardContext.java:5490)
	at org.apache.catalina.util.LifecycleBase.start(LifecycleBase.java:150)
	at org.apache.catalina.core.ContainerBase$StartChild.call(ContainerBase.java:1575)
	at org.apache.catalina.core.ContainerBase$StartChild.call(ContainerBase.java:1565)
	at java.util.concurrent.FutureTask.run(FutureTask.java:262)
	at java.util.concurrent.ThreadPoolExecutor.runWorker(ThreadPoolExecutor.java:1145)
	at java.util.concurrent.ThreadPoolExecutor$Worker.run(ThreadPoolExecutor.java:615)
	at java.lang.Thread.run(Thread.java:745)
2016-12-02 16:12:45,218 [localhost-startStop-1] ERROR StackTrace  - Full Stack Trace:
groovy.lang.MissingMethodException: No signature of method: grails.util.Environment.carregaDadosDeCredito() is applicable for argument types: () values: []
	at grails.util.Environment$EnvironmentBlockEvaluator.methodMissing(Environment.java:382)
	at BootStrap$_closure1_closure3_closure5.doCall(BootStrap.groovy:23)
	at grails.util.Environment$EnvironmentBlockEvaluator.execute(Environment.java:340)
	at grails.util.Environment.executeForEnvironment(Environment.java:321)
	at grails.util.Environment.executeForCurrentEnvironment(Environment.java:296)
	at java.util.concurrent.FutureTask.run(FutureTask.java:262)
	at java.util.concurrent.ThreadPoolExecutor.runWorker(ThreadPoolExecutor.java:1145)
	at java.util.concurrent.ThreadPoolExecutor$Worker.run(ThreadPoolExecutor.java:615)
	at java.lang.Thread.run(Thread.java:745)
2016-12-02 16:12:45,236 [localhost-startStop-1] ERROR StackTrace  - Full Stack Trace:
groovy.lang.MissingMethodException: No signature of method: grails.util.Environment.carregaDadosDeCredito() is applicable for argument types: () values: []
	at grails.util.Environment$EnvironmentBlockEvaluator.methodMissing(Environment.java:382)
	at BootStrap$_closure1_closure3_closure5.doCall(BootStrap.groovy:23)
	at grails.util.Environment$EnvironmentBlockEvaluator.execute(Environment.java:340)
	at grails.util.Environment.executeForEnvironment(Environment.java:321)
	at grails.util.Environment.executeForCurrentEnvironment(Environment.java:296)
	at java.util.concurrent.FutureTask.run(FutureTask.java:262)
	at java.util.concurrent.ThreadPoolExecutor.runWorker(ThreadPoolExecutor.java:1145)
	at java.util.concurrent.ThreadPoolExecutor$Worker.run(ThreadPoolExecutor.java:615)
	at java.lang.Thread.run(Thread.java:745)
2016-12-02 16:12:45,244 [localhost-startStop-1] ERROR StackTrace  - Full Stack Trace:
groovy.lang.MissingMethodException: No signature of method: grails.util.Environment.carregaDadosDeCredito() is applicable for argument types: () values: []
	at grails.util.Environment$EnvironmentBlockEvaluator.methodMissing(Environment.java:382)
	at BootStrap$_closure1_closure3_closure5.doCall(BootStrap.groovy:23)
	at grails.util.Environment$EnvironmentBlockEvaluator.execute(Environment.java:340)
	at grails.util.Environment.executeForEnvironment(Environment.java:321)
	at grails.util.Environment.executeForCurrentEnvironment(Environment.java:296)
	at java.util.concurrent.FutureTask.run(FutureTask.java:262)
	at java.util.concurrent.ThreadPoolExecutor.runWorker(ThreadPoolExecutor.java:1145)
	at java.util.concurrent.ThreadPoolExecutor$Worker.run(ThreadPoolExecutor.java:615)
	at java.lang.Thread.run(Thread.java:745)
2016-12-02 16:12:45,261 [localhost-startStop-1] ERROR StackTrace  - Full Stack Trace:
groovy.lang.MissingMethodException: No signature of method: grails.util.Environment.carregaDadosDeCredito() is applicable for argument types: () values: []
	at grails.util.Environment$EnvironmentBlockEvaluator.methodMissing(Environment.java:382)
	at BootStrap$_closure1_closure3_closure5.doCall(BootStrap.groovy:23)
	at grails.util.Environment$EnvironmentBlockEvaluator.execute(Environment.java:340)
	at grails.util.Environment.executeForEnvironment(Environment.java:321)
	at grails.util.Environment.executeForCurrentEnvironment(Environment.java:296)
	at java.util.concurrent.FutureTask.run(FutureTask.java:262)
	at java.util.concurrent.ThreadPoolExecutor.runWorker(ThreadPoolExecutor.java:1145)
	at java.util.concurrent.ThreadPoolExecutor$Worker.run(ThreadPoolExecutor.java:615)
	at java.lang.Thread.run(Thread.java:745)
2016-12-02 16:12:45,262 [localhost-startStop-1] ERROR StackTrace  - Full Stack Trace:
groovy.lang.MissingMethodException: No signature of method: grails.util.Environment.carregaDadosDeCredito() is applicable for argument types: () values: []
	at grails.util.Environment$EnvironmentBlockEvaluator.methodMissing(Environment.java:382)
	at BootStrap$_closure1_closure3_closure5.doCall(BootStrap.groovy:23)
	at grails.util.Environment$EnvironmentBlockEvaluator.execute(Environment.java:340)
	at grails.util.Environment.executeForEnvironment(Environment.java:321)
	at grails.util.Environment.executeForCurrentEnvironment(Environment.java:296)
	at java.util.concurrent.FutureTask.run(FutureTask.java:262)
	at java.util.concurrent.ThreadPoolExecutor.runWorker(ThreadPoolExecutor.java:1145)
	at java.util.concurrent.ThreadPoolExecutor$Worker.run(ThreadPoolExecutor.java:615)
	at java.lang.Thread.run(Thread.java:745)
2016-12-02 17:43:03,168 [localhost-startStop-1] ERROR StackTrace  - Full Stack Trace:
java.lang.NullPointerException
	at org.hibernate.type.descriptor.java.AbstractTypeDescriptor.extractHashCode(AbstractTypeDescriptor.java:84)
	at org.hibernate.type.AbstractStandardBasicType.getHashCode(AbstractStandardBasicType.java:216)
	at org.hibernate.type.AbstractStandardBasicType.getHashCode(AbstractStandardBasicType.java:220)
	at org.hibernate.type.EntityType.getHashCode(EntityType.java:391)
	at org.hibernate.type.ComponentType.getHashCode(ComponentType.java:258)
	at org.hibernate.engine.spi.EntityKey.generateHashCode(EntityKey.java:76)
	at org.hibernate.engine.spi.EntityKey.<init>(EntityKey.java:71)
	at org.hibernate.internal.AbstractSessionImpl.generateEntityKey(AbstractSessionImpl.java:327)
	at org.hibernate.event.internal.AbstractSaveEventListener.performSave(AbstractSaveEventListener.java:174)
	at org.hibernate.event.internal.AbstractSaveEventListener.saveWithGeneratedId(AbstractSaveEventListener.java:137)
	at org.hibernate.event.internal.DefaultSaveOrUpdateEventListener.saveWithGeneratedOrRequestedId(DefaultSaveOrUpdateEventListener.java:209)
	at org.hibernate.event.internal.DefaultSaveEventListener.saveWithGeneratedOrRequestedId(DefaultSaveEventListener.java:55)
	at org.hibernate.event.internal.DefaultSaveOrUpdateEventListener.entityIsTransient(DefaultSaveOrUpdateEventListener.java:194)
	at org.hibernate.event.internal.DefaultSaveEventListener.performSaveOrUpdate(DefaultSaveEventListener.java:49)
	at org.hibernate.event.internal.DefaultSaveOrUpdateEventListener.onSaveOrUpdate(DefaultSaveOrUpdateEventListener.java:90)
	at org.hibernate.internal.SessionImpl.fireSave(SessionImpl.java:715)
	at org.hibernate.internal.SessionImpl.save(SessionImpl.java:707)
	at org.hibernate.internal.SessionImpl.save(SessionImpl.java:702)
	at org.codehaus.groovy.grails.orm.hibernate.metaclass.SavePersistentMethod$2.doInHibernate(SavePersistentMethod.java:73)
	at org.codehaus.groovy.grails.orm.hibernate.GrailsHibernateTemplate.doExecute(GrailsHibernateTemplate.java:179)
	at org.codehaus.groovy.grails.orm.hibernate.GrailsHibernateTemplate.execute(GrailsHibernateTemplate.java:123)
	at org.codehaus.groovy.grails.orm.hibernate.metaclass.SavePersistentMethod.performInsert(SavePersistentMethod.java:69)
	at org.codehaus.groovy.grails.orm.hibernate.metaclass.AbstractSavePersistentMethod.doInvokeInternal(AbstractSavePersistentMethod.java:212)
	at org.codehaus.groovy.grails.orm.hibernate.metaclass.AbstractDynamicPersistentMethod.invoke(AbstractDynamicPersistentMethod.java:68)
	at org.codehaus.groovy.grails.orm.hibernate.HibernateGormInstanceApi.save(HibernateGormInstanceApi.groovy:195)
	at seguranca.UsuarioPerfil.save(UsuarioPerfil.groovy)
	at seguranca.UsuarioPerfil$save$0.call(Unknown Source)
	at org.codehaus.groovy.runtime.callsite.CallSiteArray.defaultCall(CallSiteArray.java:45)
	at org.codehaus.groovy.runtime.callsite.AbstractCallSite.call(AbstractCallSite.java:108)
	at org.codehaus.groovy.runtime.callsite.AbstractCallSite.call(AbstractCallSite.java:116)
	at seguranca.UsuarioPerfil.create(UsuarioPerfil.groovy:56)
	at seguranca.UsuarioPerfil$create.call(Unknown Source)
	at org.codehaus.groovy.runtime.callsite.CallSiteArray.defaultCall(CallSiteArray.java:45)
	at org.codehaus.groovy.runtime.callsite.AbstractCallSite.call(AbstractCallSite.java:108)
	at org.codehaus.groovy.runtime.callsite.AbstractCallSite.call(AbstractCallSite.java:124)
	at BootStrap.criarUsuarios(BootStrap.groovy:68)
	at BootStrap.this$2$criarUsuarios(BootStrap.groovy)
	at BootStrap$this$2$criarUsuarios.callCurrent(Unknown Source)
	at org.codehaus.groovy.runtime.callsite.CallSiteArray.defaultCallCurrent(CallSiteArray.java:49)
	at org.codehaus.groovy.runtime.callsite.AbstractCallSite.callCurrent(AbstractCallSite.java:133)
	at org.codehaus.groovy.runtime.callsite.AbstractCallSite.callCurrent(AbstractCallSite.java:137)
	at BootStrap.carregaDadosDeDesenvolvimento(BootStrap.groovy:88)
	at BootStrap.this$2$carregaDadosDeDesenvolvimento(BootStrap.groovy)
	at sun.reflect.NativeMethodAccessorImpl.invoke0(Native Method)
	at sun.reflect.NativeMethodAccessorImpl.invoke(NativeMethodAccessorImpl.java:57)
	at sun.reflect.DelegatingMethodAccessorImpl.invoke(DelegatingMethodAccessorImpl.java:43)
	at java.lang.reflect.Method.invoke(Method.java:606)
	at org.springsource.loaded.ri.ReflectiveInterceptor.jlrMethodInvoke(ReflectiveInterceptor.java:1270)
	at org.codehaus.groovy.reflection.CachedMethod.invoke(CachedMethod.java:90)
	at groovy.lang.MetaMethod.doMethodInvoke(MetaMethod.java:324)
	at groovy.lang.MetaClassImpl.invokeMethod(MetaClassImpl.java:1207)
	at groovy.lang.ExpandoMetaClass.invokeMethod(ExpandoMetaClass.java:1110)
	at groovy.lang.MetaClassImpl.invokeMethod(MetaClassImpl.java:1016)
	at groovy.lang.MetaClassImpl.invokeMethod(MetaClassImpl.java:1152)
	at groovy.lang.ExpandoMetaClass.invokeMethod(ExpandoMetaClass.java:1110)
	at groovy.lang.MetaClassImpl.invokeMethod(MetaClassImpl.java:1016)
	at groovy.lang.MetaClassImpl.invokeMethod(MetaClassImpl.java:807)
	at groovy.lang.GroovyObjectSupport.invokeMethod(GroovyObjectSupport.java:44)
	at BootStrap$_closure1.invokeMethod(BootStrap.groovy)
	at groovy.lang.MetaClassImpl.invokeMethodOnGroovyObject(MetaClassImpl.java:1272)
	at groovy.lang.MetaClassImpl.invokeMethod(MetaClassImpl.java:1166)
	at groovy.lang.ExpandoMetaClass.invokeMethod(ExpandoMetaClass.java:1110)
	at groovy.lang.MetaClassImpl.invokeMethod(MetaClassImpl.java:1016)
	at groovy.lang.MetaClassImpl.invokeMethod(MetaClassImpl.java:807)
	at groovy.lang.GroovyObjectSupport.invokeMethod(GroovyObjectSupport.java:44)
	at BootStrap$_closure1_closure3.invokeMethod(BootStrap.groovy)
	at groovy.lang.MetaClassImpl.invokeMethodOnGroovyObject(MetaClassImpl.java:1272)
	at groovy.lang.MetaClassImpl.invokeMethod(MetaClassImpl.java:1166)
	at groovy.lang.ExpandoMetaClass.invokeMethod(ExpandoMetaClass.java:1110)
	at groovy.lang.MetaClassImpl.invokeMethod(MetaClassImpl.java:1016)
	at org.codehaus.groovy.runtime.callsite.PogoMetaClassSite.callCurrent(PogoMetaClassSite.java:66)
	at org.codehaus.groovy.runtime.callsite.CallSiteArray.defaultCallCurrent(CallSiteArray.java:49)
	at org.codehaus.groovy.runtime.callsite.AbstractCallSite.callCurrent(AbstractCallSite.java:133)
	at org.codehaus.groovy.runtime.callsite.AbstractCallSite.callCurrent(AbstractCallSite.java:137)
	at BootStrap$_closure1_closure3_closure5.doCall(BootStrap.groovy:23)
	at BootStrap$_closure1_closure3_closure5.doCall(BootStrap.groovy)
	at sun.reflect.NativeMethodAccessorImpl.invoke0(Native Method)
	at sun.reflect.NativeMethodAccessorImpl.invoke(NativeMethodAccessorImpl.java:57)
	at sun.reflect.DelegatingMethodAccessorImpl.invoke(DelegatingMethodAccessorImpl.java:43)
	at java.lang.reflect.Method.invoke(Method.java:606)
	at org.springsource.loaded.ri.ReflectiveInterceptor.jlrMethodInvoke(ReflectiveInterceptor.java:1270)
	at org.codehaus.groovy.reflection.CachedMethod.invoke(CachedMethod.java:90)
	at groovy.lang.MetaMethod.doMethodInvoke(MetaMethod.java:324)
	at groovy.lang.MetaClassImpl.invokeMethod(MetaClassImpl.java:1207)
	at groovy.lang.ExpandoMetaClass.invokeMethod(ExpandoMetaClass.java:1110)
	at groovy.lang.MetaClassImpl.invokeMethod(MetaClassImpl.java:1016)
	at groovy.lang.Closure.call(Closure.java:423)
	at BootStrap$_closure1_closure3_closure5.call(BootStrap.groovy)
	at groovy.lang.Closure.call(Closure.java:417)
	at BootStrap$_closure1_closure3_closure5.call(BootStrap.groovy)
	at grails.util.Environment$EnvironmentBlockEvaluator.execute(Environment.java:340)
	at grails.util.Environment.executeForEnvironment(Environment.java:321)
	at grails.util.Environment.executeForCurrentEnvironment(Environment.java:296)
	at org.codehaus.groovy.grails.commons.DefaultGrailsBootstrapClass.callInit(DefaultGrailsBootstrapClass.java:60)
	at org.codehaus.groovy.grails.web.context.GrailsConfigUtils.executeGrailsBootstraps(GrailsConfigUtils.java:78)
	at org.codehaus.groovy.grails.web.context.GrailsContextLoaderListener.initWebApplicationContext(GrailsContextLoaderListener.java:110)
	at org.springframework.web.context.ContextLoaderListener.contextInitialized(ContextLoaderListener.java:106)
	at org.apache.catalina.core.StandardContext.listenerStart(StandardContext.java:4992)
	at org.apache.catalina.core.StandardContext.startInternal(StandardContext.java:5490)
	at org.apache.catalina.util.LifecycleBase.start(LifecycleBase.java:150)
	at org.apache.catalina.core.ContainerBase$StartChild.call(ContainerBase.java:1575)
	at org.apache.catalina.core.ContainerBase$StartChild.call(ContainerBase.java:1565)
	at java.util.concurrent.FutureTask.run(FutureTask.java:262)
	at java.util.concurrent.ThreadPoolExecutor.runWorker(ThreadPoolExecutor.java:1145)
	at java.util.concurrent.ThreadPoolExecutor$Worker.run(ThreadPoolExecutor.java:615)
	at java.lang.Thread.run(Thread.java:745)
2016-12-02 17:43:03,170 [localhost-startStop-1] ERROR StackTrace  - Full Stack Trace:
java.lang.NullPointerException
	at seguranca.UsuarioPerfil.create(UsuarioPerfil.groovy:56)
	at BootStrap.criarUsuarios(BootStrap.groovy:68)
	at BootStrap.carregaDadosDeDesenvolvimento(BootStrap.groovy:88)
	at BootStrap$_closure1_closure3_closure5.doCall(BootStrap.groovy:23)
	at grails.util.Environment$EnvironmentBlockEvaluator.execute(Environment.java:340)
	at grails.util.Environment.executeForEnvironment(Environment.java:321)
	at grails.util.Environment.executeForCurrentEnvironment(Environment.java:296)
	at java.util.concurrent.FutureTask.run(FutureTask.java:262)
	at java.util.concurrent.ThreadPoolExecutor.runWorker(ThreadPoolExecutor.java:1145)
	at java.util.concurrent.ThreadPoolExecutor$Worker.run(ThreadPoolExecutor.java:615)
	at java.lang.Thread.run(Thread.java:745)
2016-12-02 17:43:03,171 [localhost-startStop-1] ERROR StackTrace  - Full Stack Trace:
java.lang.NullPointerException
	at seguranca.UsuarioPerfil.create(UsuarioPerfil.groovy:56)
	at BootStrap.criarUsuarios(BootStrap.groovy:68)
	at BootStrap.carregaDadosDeDesenvolvimento(BootStrap.groovy:88)
	at BootStrap$_closure1_closure3_closure5.doCall(BootStrap.groovy:23)
	at grails.util.Environment$EnvironmentBlockEvaluator.execute(Environment.java:340)
	at grails.util.Environment.executeForEnvironment(Environment.java:321)
	at grails.util.Environment.executeForCurrentEnvironment(Environment.java:296)
	at java.util.concurrent.FutureTask.run(FutureTask.java:262)
	at java.util.concurrent.ThreadPoolExecutor.runWorker(ThreadPoolExecutor.java:1145)
	at java.util.concurrent.ThreadPoolExecutor$Worker.run(ThreadPoolExecutor.java:615)
	at java.lang.Thread.run(Thread.java:745)
2016-12-02 17:43:03,171 [localhost-startStop-1] ERROR StackTrace  - Full Stack Trace:
java.lang.NullPointerException
	at seguranca.UsuarioPerfil.create(UsuarioPerfil.groovy:56)
	at BootStrap.criarUsuarios(BootStrap.groovy:68)
	at BootStrap.carregaDadosDeDesenvolvimento(BootStrap.groovy:88)
	at BootStrap$_closure1_closure3_closure5.doCall(BootStrap.groovy:23)
	at grails.util.Environment$EnvironmentBlockEvaluator.execute(Environment.java:340)
	at grails.util.Environment.executeForEnvironment(Environment.java:321)
	at grails.util.Environment.executeForCurrentEnvironment(Environment.java:296)
	at java.util.concurrent.FutureTask.run(FutureTask.java:262)
	at java.util.concurrent.ThreadPoolExecutor.runWorker(ThreadPoolExecutor.java:1145)
	at java.util.concurrent.ThreadPoolExecutor$Worker.run(ThreadPoolExecutor.java:615)
	at java.lang.Thread.run(Thread.java:745)
2016-12-02 17:43:03,171 [localhost-startStop-1] ERROR StackTrace  - Full Stack Trace:
java.lang.NullPointerException
	at seguranca.UsuarioPerfil.create(UsuarioPerfil.groovy:56)
	at BootStrap.criarUsuarios(BootStrap.groovy:68)
	at BootStrap.carregaDadosDeDesenvolvimento(BootStrap.groovy:88)
	at BootStrap$_closure1_closure3_closure5.doCall(BootStrap.groovy:23)
	at grails.util.Environment$EnvironmentBlockEvaluator.execute(Environment.java:340)
	at grails.util.Environment.executeForEnvironment(Environment.java:321)
	at grails.util.Environment.executeForCurrentEnvironment(Environment.java:296)
	at java.util.concurrent.FutureTask.run(FutureTask.java:262)
	at java.util.concurrent.ThreadPoolExecutor.runWorker(ThreadPoolExecutor.java:1145)
	at java.util.concurrent.ThreadPoolExecutor$Worker.run(ThreadPoolExecutor.java:615)
	at java.lang.Thread.run(Thread.java:745)
2016-12-02 17:43:03,171 [localhost-startStop-1] ERROR StackTrace  - Full Stack Trace:
java.lang.NullPointerException
	at seguranca.UsuarioPerfil.create(UsuarioPerfil.groovy:56)
	at BootStrap.criarUsuarios(BootStrap.groovy:68)
	at BootStrap.carregaDadosDeDesenvolvimento(BootStrap.groovy:88)
	at BootStrap$_closure1_closure3_closure5.doCall(BootStrap.groovy:23)
	at grails.util.Environment$EnvironmentBlockEvaluator.execute(Environment.java:340)
	at grails.util.Environment.executeForEnvironment(Environment.java:321)
	at grails.util.Environment.executeForCurrentEnvironment(Environment.java:296)
	at java.util.concurrent.FutureTask.run(FutureTask.java:262)
	at java.util.concurrent.ThreadPoolExecutor.runWorker(ThreadPoolExecutor.java:1145)
	at java.util.concurrent.ThreadPoolExecutor$Worker.run(ThreadPoolExecutor.java:615)
	at java.lang.Thread.run(Thread.java:745)
